#
# There is insufficient memory for the Java Runtime Environment to continue.
# Native memory allocation (mmap) failed to map 8388608 bytes for G1 virtual space
# Possible reasons:
#   The system is out of physical RAM or swap space
#   The process is running with CompressedOops enabled, and the Java Heap may be blocking the growth of the native heap
# Possible solutions:
#   Reduce memory load on the system
#   Increase physical memory or swap space
#   Check if swap backing store is full
#   Decrease Java heap size (-Xmx/-Xms)
#   Decrease number of Java threads
#   Decrease Java thread stack sizes (-Xss)
#   Set larger code cache with -XX:ReservedCodeCacheSize=
#   JVM is running with Unscaled Compressed Oops mode in which the Java heap is
#     placed in the first 4GB address space. The Java Heap base address is the
#     maximum limit for the native heap growth. Please use -XX:HeapBaseMinAddress
#     to set the Java Heap base and to place the Java Heap above 4GB virtual address.
# This output file may be truncated or incomplete.
#
#  Out of Memory Error (os_windows.cpp:3530), pid=268, tid=10112
#
# JRE version:  (18.0.1.1+2) (build )
# Java VM: Java HotSpot(TM) 64-Bit Server VM (18.0.1.1+2-6, mixed mode, sharing, tiered, compressed oops, compressed class ptrs, g1 gc, windows-amd64)
# No core dump will be written. Minidumps are not enabled by default on client versions of Windows
#

---------------  S U M M A R Y ------------

Command Line: -Denv.class.path="C:\oraclexe\app\oracle\product\10.2.0\server\jdbc\lib\ojdbc14.jar;.;"; -Dapplication.home=C:\Program Files\Java\jdk-18.0.1.1 --add-modules=ALL-DEFAULT -Xms8m -Djdk.module.main=jdk.compiler jdk.compiler/com.sun.tools.javac.Main StringPermutate.java

Host: Intel(R) Core(TM) i3-7020U CPU @ 2.30GHz, 4 cores, 7G,  Windows 10 , 64 bit Build 19041 (10.0.19041.1889)
Time: Tue Oct 18 21:58:10 2022 India Standard Time elapsed time: 0.033110 seconds (0d 0h 0m 0s)

---------------  T H R E A D  ---------------

Current thread (0x00000141101cf1c0):  JavaThread "Unknown thread" [_thread_in_vm, id=10112, stack(0x0000002a0be00000,0x0000002a0bf00000)]

Stack: [0x0000002a0be00000,0x0000002a0bf00000]
Native frames: (J=compiled Java code, j=interpreted, Vv=VM code, C=native code)
V  [jvm.dll+0x69887a]
V  [jvm.dll+0x7f38bd]
V  [jvm.dll+0x7f51ce]
V  [jvm.dll+0x7f5883]
V  [jvm.dll+0x25ca3f]
V  [jvm.dll+0x6957c9]
V  [jvm.dll+0x68a2fa]
V  [jvm.dll+0x321efb]
V  [jvm.dll+0x3298d6]
V  [jvm.dll+0x37e47e]
V  [jvm.dll+0x37e6af]
V  [jvm.dll+0x2f9c7a]
V  [jvm.dll+0x2facdd]
V  [jvm.dll+0x7c24f0]
V  [jvm.dll+0x38b801]
V  [jvm.dll+0x7a1203]
V  [jvm.dll+0x40d6bf]
V  [jvm.dll+0x40f091]
C  [jli.dll+0x526b]
C  [ucrtbase.dll+0x21bb2]
C  [KERNEL32.DLL+0x17034]
C  [ntdll.dll+0x526a1]


---------------  P R O C E S S  ---------------

Threads class SMR info:
_java_thread_list=0x00007fff53e6d550, length=0, elements={
}

Java Threads: ( => current thread )

Other Threads:
  0x000001411022e9a0 WorkerThread "GC Thread#0" [stack: 0x0000002a0bf00000,0x0000002a0c000000] [id=1840]
  0x00000141102405e0 ConcurrentGCThread "G1 Main Marker" [stack: 0x0000002a0c000000,0x0000002a0c100000] [id=6576]
  0x0000014110240fd0 WorkerThread "G1 Conc#0" [stack: 0x0000002a0c100000,0x0000002a0c200000] [id=10964]

[error occurred during error reporting (printing all threads), id 0xc0000005, EXCEPTION_ACCESS_VIOLATION (0xc0000005) at pc=0x00007fff5369a217]

VM state: not at safepoint (not fully initialized)

VM Mutex/Monitor currently owned by a thread:  ([mutex/lock_event])
[0x00000141101cb880] Heap_lock - owner thread: 0x00000141101cf1c0

Heap address: 0x0000000081800000, size: 2024 MB, Compressed Oops mode: 32-bit

CDS archive(s) mapped at: [0x0000000000000000-0x0000000000000000-0x0000000000000000), size 0, SharedBaseAddress: 0x0000000800000000, ArchiveRelocationMode: 0.
Narrow klass base: 0x0000000000000000, Narrow klass shift: 0, Narrow klass range: 0x0

GC Precious Log:
 CardTable entry size: 512
 Card Set container configuration: InlinePtr #cards 5 size 8 Array Of Cards #cards 12 size 40 Howl #buckets 4 coarsen threshold 1843 Howl Bitmap #cards 512 size 80 coarsen threshold 460 Card regions per heap region 1 cards per card region 2048

Heap:
 garbage-first heap   total 0K, used 0K [0x0000000081800000, 0x0000000100000000)
  region size 1024K, 0 young (0K), 0 survivors (0K)

[error occurred during error reporting (printing heap information), id 0xc0000005, EXCEPTION_ACCESS_VIOLATION (0xc0000005) at pc=0x00007fff53a80cb9]

GC Heap History (0 events):
No events

Deoptimization events (0 events):
No events

Classes loaded (0 events):
No events

Classes unloaded (0 events):
No events

Classes redefined (0 events):
No events

Internal exceptions (0 events):
No events

VM Operations (0 events):
No events

Events (1 events):
Event: 0.012 Loaded shared library C:\Program Files\Java\jdk-18.0.1.1\bin\java.dll


Dynamic libraries:
0x00007ff71d040000 - 0x00007ff71d048000 	C:\Program Files\Java\jdk-18.0.1.1\bin\javac.exe
0x00007fff9bed0000 - 0x00007fff9c0c8000 	C:\Windows\SYSTEM32\ntdll.dll
0x00007fff9b100000 - 0x00007fff9b1bd000 	C:\Windows\System32\KERNEL32.DLL
0x00007fff99700000 - 0x00007fff999d2000 	C:\Windows\System32\KERNELBASE.dll
0x00007fff999e0000 - 0x00007fff99ae0000 	C:\Windows\System32\ucrtbase.dll
0x00007fff967f0000 - 0x00007fff9680a000 	C:\Program Files\Java\jdk-18.0.1.1\bin\VCRUNTIME140.dll
0x00007fff87260000 - 0x00007fff87278000 	C:\Program Files\Java\jdk-18.0.1.1\bin\jli.dll
0x00007fff9aa80000 - 0x00007fff9ab2e000 	C:\Windows\System32\ADVAPI32.dll
0x00007fff9ab30000 - 0x00007fff9abce000 	C:\Windows\System32\msvcrt.dll
0x00007fff9a740000 - 0x00007fff9a7dc000 	C:\Windows\System32\sechost.dll
0x00007fff9b1c0000 - 0x00007fff9b2e5000 	C:\Windows\System32\RPCRT4.dll
0x00007fff99ff0000 - 0x00007fff9a18d000 	C:\Windows\System32\USER32.dll
0x00007fff82110000 - 0x00007fff823aa000 	C:\Windows\WinSxS\amd64_microsoft.windows.common-controls_6595b64144ccf1df_6.0.19041.1110_none_60b5254171f9507e\COMCTL32.dll
0x00007fff995e0000 - 0x00007fff99602000 	C:\Windows\System32\win32u.dll
0x00007fff99f30000 - 0x00007fff99f5b000 	C:\Windows\System32\GDI32.dll
0x00007fff99ae0000 - 0x00007fff99bef000 	C:\Windows\System32\gdi32full.dll
0x00007fff99610000 - 0x00007fff996ad000 	C:\Windows\System32\msvcp_win.dll
0x00007fff8c010000 - 0x00007fff8c01a000 	C:\Windows\SYSTEM32\VERSION.dll
0x00007fff9a2e0000 - 0x00007fff9a310000 	C:\Windows\System32\IMM32.DLL
0x00007fff967e0000 - 0x00007fff967ec000 	C:\Program Files\Java\jdk-18.0.1.1\bin\vcruntime140_1.dll
0x00007fff76330000 - 0x00007fff763bd000 	C:\Program Files\Java\jdk-18.0.1.1\bin\msvcp140.dll
0x00007fff53390000 - 0x00007fff53fa0000 	C:\Program Files\Java\jdk-18.0.1.1\bin\server\jvm.dll
0x00007fff99f60000 - 0x00007fff99f68000 	C:\Windows\System32\PSAPI.DLL
0x00007fff71c00000 - 0x00007fff71c27000 	C:\Windows\SYSTEM32\WINMM.dll
0x00007fff91770000 - 0x00007fff91779000 	C:\Windows\SYSTEM32\WSOCK32.dll
0x00007fff9b3a0000 - 0x00007fff9b40b000 	C:\Windows\System32\WS2_32.dll
0x00007fff97e30000 - 0x00007fff97e42000 	C:\Windows\SYSTEM32\kernel.appcore.dll
0x00007fff8f120000 - 0x00007fff8f12a000 	C:\Program Files\Java\jdk-18.0.1.1\bin\jimage.dll
0x00007fff97260000 - 0x00007fff97444000 	C:\Windows\SYSTEM32\DBGHELP.DLL
0x00007fff7dd90000 - 0x00007fff7ddbc000 	C:\Windows\SYSTEM32\dbgcore.DLL
0x00007fff99ea0000 - 0x00007fff99f22000 	C:\Windows\System32\bcryptPrimitives.dll
0x00007fff87230000 - 0x00007fff87255000 	C:\Program Files\Java\jdk-18.0.1.1\bin\java.dll

dbghelp: loaded successfully - version: 4.0.5 - missing functions: none
symbol engine: initialized successfully - sym options: 0x614 - pdb path: .;C:\Program Files\Java\jdk-18.0.1.1\bin;C:\Windows\SYSTEM32;C:\Windows\WinSxS\amd64_microsoft.windows.common-controls_6595b64144ccf1df_6.0.19041.1110_none_60b5254171f9507e;C:\Program Files\Java\jdk-18.0.1.1\bin\server

VM Arguments:
jvm_args: -Denv.class.path="C:\oraclexe\app\oracle\product\10.2.0\server\jdbc\lib\ojdbc14.jar;.;"; -Dapplication.home=C:\Program Files\Java\jdk-18.0.1.1 --add-modules=ALL-DEFAULT -Xms8m -Djdk.module.main=jdk.compiler 
java_command: jdk.compiler/com.sun.tools.javac.Main StringPermutate.java
java_class_path (initial): <not set>
Launcher Type: SUN_STANDARD

[Global flags]
     intx CICompilerCount                          = 3                                         {product} {ergonomic}
     uint ConcGCThreads                            = 1                                         {product} {ergonomic}
     uint G1ConcRefinementThreads                  = 4                                         {product} {ergonomic}
   size_t G1HeapRegionSize                         = 1048576                                   {product} {ergonomic}
    uintx GCDrainStackTargetSize                   = 64                                        {product} {ergonomic}
   size_t InitialHeapSize                          = 8388608                                   {product} {command line}
   size_t MarkStackSize                            = 4194304                                   {product} {ergonomic}
   size_t MaxHeapSize                              = 2122317824                                {product} {ergonomic}
   size_t MinHeapDeltaBytes                        = 1048576                                   {product} {ergonomic}
   size_t MinHeapSize                              = 8388608                                   {product} {command line}
    uintx NonNMethodCodeHeapSize                   = 5832780                                {pd product} {ergonomic}
    uintx NonProfiledCodeHeapSize                  = 122912730                              {pd product} {ergonomic}
    uintx ProfiledCodeHeapSize                     = 122912730                              {pd product} {ergonomic}
    uintx ReservedCodeCacheSize                    = 251658240                              {pd product} {ergonomic}
     bool SegmentedCodeCache                       = true                                      {product} {ergonomic}
   size_t SoftMaxHeapSize                          = 2122317824                             {manageable} {ergonomic}
     bool UseCompressedClassPointers               = true                           {product lp64_product} {ergonomic}
     bool UseCompressedOops                        = true                           {product lp64_product} {ergonomic}
     bool UseG1GC                                  = true                                      {product} {ergonomic}
     bool UseLargePagesIndividualAllocation        = false                                  {pd product} {ergonomic}

Logging:
Log output configuration:
 #0: stdout all=warning uptime,level,tags foldmultilines=false
 #1: stderr all=off uptime,level,tags foldmultilines=false

Environment Variables:
CLASSPATH="C:\oraclexe\app\oracle\product\10.2.0\server\jdbc\lib\ojdbc14.jar;.;";
PATH=C:\oraclexe\app\oracle\product\10.2.0\server\bin;C:\Program Files\Common Files\Oracle\Java\javapath;C:\Program Files (x86)\Common Files\Oracle\Java\javapath;C:\Windows\system32;C:\Windows;C:\Windows\System32\Wbem;C:\Windows\System32\WindowsPowerShell\v1.0\;C:\Windows\System32\OpenSSH\;C:\MinGW\bin;C:\Program Files\Java\jdk-18.0.1.1\bin;C:\Program Files\Java\jdk-18.0.1.1;"C:\oraclexe\app\oracle\product\10.2.0\server\jdbc\lib\ojdbc14.jar;.;";C:\Program Files\php-8.1.10;C:\Program Files\nodejs\;C:\Program Files\Git\cmd;C:\Users\Home\AppData\Local\Programs\Python\Python39\Scripts\;C:\Users\Home\AppData\Local\Programs\Python\Python39\;C:\Users\Home\AppData\Local\Microsoft\WindowsApps;C:\Users\Home\AppData\Local\Programs\Microsoft VS Code\bin;"C:\oraclexe\app\oracle\product\10.2.0\server\jdbc\lib\ojdbc14.jar;.;";C:\oraclexe\app\oracle\product\10.2.0\server\bin;C:\Users\Home\AppData\Local\GitHubDesktop\bin;C:\Users\Home\AppData\Roaming\npm
USERNAME=Home
LANG=en_US.UTF-8
OS=Windows_NT
PROCESSOR_IDENTIFIER=Intel64 Family 6 Model 142 Stepping 9, GenuineIntel



---------------  S Y S T E M  ---------------

OS:
 Windows 10 , 64 bit Build 19041 (10.0.19041.1889)
OS uptime: 3 days 13:15 hours

CPU: total 4 (initial active 4) (2 cores per cpu, 2 threads per core) family 6 model 142 stepping 9 microcode 0xf0, cx8, cmov, fxsr, ht, mmx, 3dnowpref, sse, sse2, sse3, ssse3, sse4.1, sse4.2, popcnt, lzcnt, tsc, tscinvbit, avx, avx2, aes, erms, clmul, bmi1, bmi2, adx, fma, vzeroupper, clflush, clflushopt

Memory: 4k page, system-wide physical 8092M (275M free)
TotalPageFile size 23277M (AvailPageFile size 9M)
current process WorkingSet (physical memory assigned to process): 10M, peak: 10M
current process commit charge ("private bytes"): 52M, peak: 59M

vm_info: Java HotSpot(TM) 64-Bit Server VM (18.0.1.1+2-6) for windows-amd64 JRE (18.0.1.1+2-6), built on Apr 25 2022 21:53:15 by "mach5one" with MS VC++ 16.8 / 16.9 (VS2019)

END.
